Start testing: Mar 08 11:46 GMT Standard Time
----------------------------------------------------------
1/1 Testing: test1
1/1 Test: test1
Command: "C:/2021_20240645/Worksheet7/build/Debug/test1.exe"
Directory: C:/2021_20240645/Worksheet7/build
"test1" start time: Mar 08 11:46 GMT Standard Time
Output:
----------------------------------------------------------
<end of output>
Test time =   0.65 sec
----------------------------------------------------------
Test Passed.
"test1" end time: Mar 08 11:46 GMT Standard Time
"test1" time elapsed: 00:00:00
----------------------------------------------------------

End testing: Mar 08 11:46 GMT Standard Time
